<?xml version="1.0" encoding="UTF-8"?>
<!-- Generated by org.testng.reporters.JUnitReportReporter -->
<testsuite hostname="US-5CG9363CLV" failures="0" tests="1" name="tests.LoginTest" time="10.392" errors="0" timestamp="2021-05-26T19:59:11 GMT+02:00" skipped="0">
  <testcase classname="tests.LoginTest" name="TestLogin" time="10.392"/>
  <system-out/>
</testsuite> <!-- tests.LoginTest -->
