<?xml version="1.0" encoding="UTF-8"?>
<!-- Generated by org.testng.reporters.JUnitReportReporter -->
<testsuite hostname="US-5CG9363CLV" failures="0" tests="4" name="tests.CartCheckoutTest" time="56.327" errors="0" timestamp="2021-05-26T20:00:46 GMT+02:00" skipped="0">
  <testcase classname="tests.CartCheckoutTest" name="SelectResultedProduct" time="7.190"/>
  <system-out/>
  <testcase classname="tests.CartCheckoutTest" name="checkProceedCheckOutsuccessfully" time="28.592"/>
  <system-out/>
  <testcase classname="tests.CartCheckoutTest" name="TestLogin" time="8.374"/>
  <system-out/>
  <testcase classname="tests.CartCheckoutTest" name="searchBlouses" time="12.171"/>
  <system-out/>
</testsuite> <!-- tests.CartCheckoutTest -->
