<?xml version="1.0" encoding="UTF-8"?>
<!-- Generated by org.testng.reporters.JUnitReportReporter -->
<testsuite hostname="US-5CG9363CLV" failures="0" tests="3" name="Rest_Assured.TestCases" time="7.032" errors="0" timestamp="2021-05-26T20:51:47 GMT+02:00" skipped="0">
  <testcase classname="Rest_Assured.TestCases" name="postRequest" time="0.757"/>
  <system-out/>
  <testcase classname="Rest_Assured.TestCases" name="getUserDetails_35" time="5.195"/>
  <system-out/>
  <testcase classname="Rest_Assured.TestCases" name="validateAccountData" time="1.080"/>
  <system-out/>
</testsuite> <!-- Rest_Assured.TestCases -->
